
starting run: 2020-03-05 2020-03-05 05:35:23.307532
[192, 10, [200, 2], [100, 100, 100], 0.0]	0.000300	0.000000	20	200

starting run: 2020-03-05 2020-03-05 05:37:22.973552
[192, 10, [200, 2], [100, 100, 100], 0.0]	0.000300	0.000000	20	200

starting run: 2020-03-05 2020-03-05 05:38:55.512182
[192, 10, [200, 2], [100, 100, 100], 0.0]	0.000300	0.000000	20	200
  0    15600    5.448	    7215    5.326	   1.0
  1    15600    5.282	    7215    5.215	   1.5
  2    15600    5.188	    7215    5.134	   2.0
  3    15600    5.106	    7215    5.057	   2.6

starting run: 2020-03-05 2020-03-05 05:41:44.549161
[192, 10, [200, 2], [100, 100, 100], 0.0]	0.000300	0.000000	5	50
  0    11700    4.979	    6795    4.563	   1.6
  1    11700    4.249	    6795    3.992	   2.9
  2    11700    3.817	    6795    3.717	   4.2
  3    11700    3.591	    6795    3.488	   5.6
  4    11700    3.349	    6795    3.233	   7.0
  5    11700    3.118	    6795    2.941	   8.3
  6    11700    2.782	    6795    2.646	   9.6
  7    11700    2.487	    6795    2.338	  11.0
  8    11700    2.239	    6795    2.029	  12.3
  9    11700    1.924	    6795    1.738	  13.7

starting run: 2020-03-05 2020-03-05 05:42:38.898154
[192, 10, [200, 2], [100, 100, 100], 0.0]	0.000300	0.000000	5	50
  0    11700    4.952	    6795    4.453	   1.7
  1    11700    4.149	    6795    3.934	   3.1
  2    11700    3.812	    6795    3.669	   4.5
  3    11700    3.550	    6795    3.438	   6.0
  4    11700    3.314	    6795    3.191	   7.5
  5    11700    3.130	    6795    2.938	   8.8
  6    11700    2.857	    6795    2.660	  10.2
  7    11700    2.520	    6795    2.386	  11.5
  8    11700    2.184	    6795    2.090	  13.0
  9    11700    1.898	    6795    1.797	  14.3
 10    11700    1.621	    6795    1.528	  15.7
 11    11700    1.413	    6795    1.294	  17.0
 12    11700    1.164	    6795    1.069	  18.4
 13    11700    0.974	    6795    0.899	  19.7
 14    11700    0.795	    6795    0.749	  21.0
 15    11700    0.701	    6795    0.617	  22.3
 16    11700    0.562	    6795    0.514	  23.7
 17    11700    0.432	    6795    0.432	  25.0
 18    11700    0.388	    6795    0.367	  26.4
 19    11700    0.361	    6795    0.312	  27.7

starting run: 2020-03-05 2020-03-05 07:20:02.173318
[192, 10, [200, 2], [100, 100, 100], 0.0]	0.000300	0.000000	5	50
  0    11700    5.017	    6795    4.595	   1.6
  1    11700    4.272	    6795    4.012	   3.0
  2    11700    3.869	    6795    3.754	   4.3
  3    11700    3.629	    6795    3.532	   5.7
  4    11700    3.437	    6795    3.259	   7.0
  5    11700    3.161	    6795    2.974	   8.4
  6    11700    2.846	    6795    2.675	   9.7
  7    11700    2.556	    6795    2.379	  11.1
  8    11700    2.276	    6795    2.090	  12.5
  9    11700    1.907	    6795    1.780	  13.8
 10    11700    1.679	    6795    1.535	  15.2
 11    11700    1.380	    6795    1.306	  16.5
 12    11700    1.134	    6795    1.093	  17.9
 13    11700    0.988	    6795    0.910	  19.3
 14    11700    0.821	    6795    0.755	  20.6
 15    11700    0.697	    6795    0.620	  22.0
 16    11700    0.560	    6795    0.514	  23.4
 17    11700    0.457	    6795    0.427	  24.8
 18    11700    0.368	    6795    0.358	  26.1
 19    11700    0.330	    6795    0.310	  27.5

starting run: 2020-03-05 2020-03-05 07:43:10.844588
[192, 15, [200, 2], [100, 100, 100], 0.0]	0.000300	0.000000	5	50
  0    11700    4.998	    6795    4.572	   1.6
  1    11700    4.266	    6795    4.007	   2.9
  2    11700    3.866	    6795    3.737	   4.2
  3    11700    3.650	    6795    3.513	   5.5
  4    11700    3.362	    6795    3.250	   6.8
  5    11700    3.109	    6795    2.963	   8.1
  6    11700    2.750	    6795    2.663	   9.4
  7    11700    2.515	    6795    2.373	  10.8
  8    11700    2.278	    6795    2.077	  12.1
  9    11700    2.015	    6795    1.789	  13.4
 10    11700    1.687	    6795    1.535	  14.7
 11    11700    1.338	    6795    1.268	  16.0
 12    11700    1.140	    6795    1.068	  17.3
 13    11700    0.939	    6795    0.894	  18.6
 14    11700    0.766	    6795    0.752	  19.9

starting run: 2020-03-05 2020-03-05 07:44:05.365141
[192, 10, [200, 2], [100, 100, 100], 0.0]	0.000300	0.000000	5	50
  0    11700    4.872	    6795    4.469	   1.7
  1    11700    4.162	    6795    3.969	   3.0
  2    11700    3.856	    6795    3.750	   4.4
  3    11700    3.666	    6795    3.526	   5.9
  4    11700    3.411	    6795    3.282	   7.5
  5    11700    3.143	    6795    2.998	   9.2
  6    11700    2.874	    6795    2.703	  10.8
  7    11700    2.570	    6795    2.404	  12.4
  8    11700    2.238	    6795    2.115	  13.8
  9    11700    1.989	    6795    1.822	  15.2
 10    11700    1.600	    6795    1.591	  16.6
 11    11700    1.455	    6795    1.373	  18.2
 12    11700    1.218	    6795    1.159	  19.6
 13    11700    1.047	    6795    0.969	  21.1
 14    11700    0.878	    6795    0.812	  22.5
 15    11700    0.732	    6795    0.679	  24.0
 16    11700    0.585	    6795    0.572	  25.5
 17    11700    0.567	    6795    0.482	  26.8

starting run: 2020-03-05 2020-03-05 07:45:46.201908
[192, 10, [200, 2], [100, 100, 100], 0.0]	0.000300	0.000000	5	50
  0    11700    4.948	    6795    4.492	   1.6
  1    11700    4.256	    6795    4.021	   2.9
  2    11700    3.914	    6795    3.759	   4.3
  3    11700    3.670	    6795    3.529	   5.6
  4    11700    3.431	    6795    3.290	   6.9
  5    11700    3.147	    6795    3.013	   8.3
  6    11700    2.873	    6795    2.733	   9.6
  7    11700    2.641	    6795    2.457	  10.9
  8    11700    2.291	    6795    2.180	  12.3
  9    11700    1.985	    6795    1.904	  13.6
 10    11700    1.660	    6795    1.620	  15.0
 11    11700    1.488	    6795    1.393	  17.2
 12    11700    1.321	    6795    1.164	  18.5
 13    11700    1.036	    6795    0.979	  19.8
 14    11700    0.896	    6795    0.825	  21.2
 15    11700    0.723	    6795    0.695	  22.6
 16    11700    0.623	    6795    0.579	  23.9
 17    11700    0.489	    6795    0.486	  25.3
 18    11700    0.423	    6795    0.422	  26.6
 19    11700    0.351	    6795    0.350	  27.9

starting run: 2020-03-05 2020-03-05 07:49:21.855490
[192, 10, [200, 2], [100, 100, 100], 0.0]	0.000300	0.000000	5	50
  0    11700    4.888	    6795    4.500	   1.7
  1    11700    4.291	    6795    4.124	   3.1
  2    11700    4.020	    6795    3.958	   4.4
  3    11700    3.896	    6795    3.798	   5.8
  4    11700    3.728	    6795    3.610	   7.2
  5    11700    3.516	    6795    3.411	   8.5
  6    11700    3.333	    6795    3.205	   9.9
  7    11700    3.051	    6795    2.956	  11.2
  8    11700    2.812	    6795    2.728	  12.6
  9    11700    2.581	    6795    2.518	  14.0
 10    11700    2.425	    6795    2.309	  15.3
 11    11700    2.134	    6795    2.099	  16.7
 12    11700    1.969	    6795    1.906	  18.0
 13    11700    1.778	    6795    1.760	  19.4
 14    11700    1.706	    6795    1.577	  20.7
 15    11700    1.438	    6795    1.435	  22.1
 16    11700    1.348	    6795    1.292	  23.4
 17    11700    1.233	    6795    1.170	  24.8
 18    11700    1.131	    6795    1.085	  26.1
 19    11700    1.044	    6795    0.990	  27.4

starting run: 2020-03-05 2020-03-05 07:50:23.563285
[192, 10, [200, 2], [100, 100, 100], 0.0]	0.000300	0.000000	5	50
  0    11700    5.080	    6795    4.548	   1.8
  1    11700    4.207	    6795    3.899	   3.2
  2    11700    3.702	    6795    3.555	   4.6
  3    11700    3.417	    6795    3.266	   6.0
  4    11700    3.122	    6795    2.995	   7.3
  5    11700    2.902	    6795    2.740	   8.7
  6    11700    2.634	    6795    2.495	  10.1
  7    11700    2.380	    6795    2.244	  11.5
  8    11700    2.146	    6795    1.996	  12.9
  9    11700    1.936	    6795    1.807	  14.2
 10    11700    1.671	    6795    1.604	  15.6
 11    11700    1.481	    6795    1.462	  17.0
 12    11700    1.424	    6795    1.299	  18.3
 13    11700    1.191	    6795    1.171	  19.7
 14    11700    1.091	    6795    1.049	  21.1
 15    11700    1.013	    6795    0.948	  22.5
 16    11700    0.905	    6795    0.867	  23.9
 17    11700    0.820	    6795    0.802	  25.3
 18    11700    0.770	    6795    0.729	  26.7
 19    11700    0.658	    6795    0.677	  28.1

starting run: 2020-03-05 2020-03-05 11:51:06.537742
[192, 10, [200, 2], [100, 100, 100], 0.0]	0.000300	0.000000	5	50
  0    11700    4.910	    6795    4.461	   6.2
  1    11700    4.169	    6795    3.896	   8.1
  2    11700    3.747	    6795    3.559	  10.0
  3    11700    3.434	    6795    3.284	  11.9
  4    11700    3.114	    6795    3.036	  13.8
  5    11700    2.900	    6795    2.773	  15.6
  6    11700    2.638	    6795    2.512	  17.5
  7    11700    2.367	    6795    2.302	  19.3
  8    11700    2.316	    6795    2.097	  21.2
  9    11700    1.932	    6795    1.896	  23.0
 10    11700    1.787	    6795    1.702	  24.9
 11    11700    1.549	    6795    1.531	  26.7
 12    11700    1.488	    6795    1.369	  28.5
 13    11700    1.312	    6795    1.255	  30.4
 14    11700    1.173	    6795    1.111	  32.3
 15    11700    1.048	    6795    1.023	  34.1
 16    11700    0.971	    6795    0.938	  36.0
 17    11700    0.872	    6795    0.867	  37.9
 18    11700    0.814	    6795    0.798	  39.8
 19    11700    0.722	    6795    0.725	  41.6

starting run: 2020-03-05 2020-03-05 11:53:03.510186
[192, 10, [200, 2], [100, 100, 100], 0.0]	0.000300	0.000000	5	50
  0    11700    5.152	    6795    4.632	   2.4
  1    11700    4.266	    6795    3.995	   4.3
  2    11700    3.801	    6795    3.622	   6.2
  3    11700    3.464	    6795    3.346	   8.0
  4    11700    3.230	    6795    3.092	   9.9
  5    11700    3.002	    6795    2.861	  11.8
  6    11700    2.753	    6795    2.607	  13.6
  7    11700    2.525	    6795    2.372	  15.5
  8    11700    2.221	    6795    2.140	  17.4
  9    11700    2.075	    6795    1.931	  19.3
 10    11700    1.835	    6795    1.728	  21.2
 11    11700    1.596	    6795    1.565	  23.1
 12    11700    1.460	    6795    1.425	  25.0
 13    11700    1.303	    6795    1.268	  26.9
 14    11700    1.213	    6795    1.139	  28.7
 15    11700    1.048	    6795    1.040	  30.6
 16    11700    0.996	    6795    0.948	  32.5
 17    11700    0.903	    6795    0.874	  34.4
 18    11700    0.820	    6795    0.796	  36.2
 19    11700    0.761	    6795    0.741	  38.0

starting run: 2020-03-05 2020-03-05 12:03:26.113085
[192, 20, [200, 2], [100, 100, 100], 0.0]	0.000500	0.000000	5	50
  0    11700    4.660	    6795    4.141	   2.5
  1    11700    3.945	    6795    3.785	   4.4
  2    11700    3.647	    6795    3.471	   6.2
  3    11700    3.254	    6795    3.092	   8.1
  4    11700    2.864	    6795    2.673	  10.0
  5    11700    2.467	    6795    2.230	  11.9
  6    11700    1.931	    6795    1.807	  13.8
  7    11700    1.620	    6795    1.437	  15.7
  8    11700    1.259	    6795    1.110	  17.6
  9    11700    0.939	    6795    0.843	  19.5
 10    11700    0.763	    6795    0.656	  21.4
 11    11700    0.567	    6795    0.492	  23.2
 12    11700    0.410	    6795    0.367	  25.2
 13    11700    0.325	    6795    0.297	  27.0
 14    11700    0.274	    6795    0.243	  28.9
 15    11700    0.226	    6795    0.206	  30.8
 16    11700    0.207	    6795    0.176	  32.7
 17    11700    0.144	    6795    0.148	  34.6
 18    11700    0.139	    6795    0.133	  36.5
 19    11700    0.123	    6795    0.114	  38.4
 20    11700    0.123	    6795    0.112	  40.2
 21    11700    0.103	    6795    0.101	  42.1
 22    11700    0.091	    6795    0.096	  44.0
 23    11700    0.088	    6795    0.089	  45.9
 24    11700    0.089	    6795    0.086	  47.8

starting run: 2020-03-05 2020-03-05 12:08:07.070512
[192, 20, [200, 2], [100, 100, 100], 0.0]	0.000500	0.000000	5	50
  0    11700    4.725	    6795    4.257	   2.5
  1    11700    4.114	    6795    4.009	   4.4
  2    11700    3.900	    6795    3.814	   6.2
  3    11700    3.699	    6795    3.578	   8.0
  4    11700    3.424	    6795    3.278	   9.9
  5    11700    3.120	    6795    2.966	  11.8
  6    11700    2.833	    6795    2.639	  13.6
  7    11700    2.503	    6795    2.351	  15.5
  8    11700    2.247	    6795    2.069	  17.4
  9    11700    2.008	    6795    1.770	  19.3
 10    11700    1.689	    6795    1.537	  21.2
 11    11700    1.377	    6795    1.329	  23.0
 12    11700    1.175	    6795    1.181	  24.9
 13    11700    1.120	    6795    0.971	  26.7
 14    11700    0.863	    6795    0.855	  28.6
 15    11700    0.821	    6795    0.751	  30.5
 16    11700    0.723	    6795    0.676	  32.3
 17    11700    0.590	    6795    0.584	  34.2
 18    11700    0.514	    6795    0.508	  36.1
 19    11700    0.457	    6795    0.469	  37.9
 20    11700    0.413	    6795    0.438	  39.8
 21    11700    0.416	    6795    0.398	  41.7
 22    11700    0.352	    6795    0.351	  43.6
 23    11700    0.321	    6795    0.316	  45.4
 24    11700    0.281	    6795    0.287	  47.3

starting run: 2020-03-05 2020-03-05 12:11:26.100312
[192, 20, [200, 2], [100, 100, 100], 0.0]	0.000500	0.000000	5	50
  0    11700    4.868	    6795    4.251	   2.3
  1    11700    3.946	    6795    3.719	   4.2
  2    11700    3.555	    6795    3.375	   6.0
  3    11700    3.216	    6795    3.011	   7.9
  4    11700    2.830	    6795    2.647	   9.7
  5    11700    2.441	    6795    2.292	  11.5
  6    11700    2.045	    6795    1.965	  13.4
  7    11700    1.859	    6795    1.724	  15.2
  8    11700    1.609	    6795    1.459	  17.1
  9    11700    1.330	    6795    1.222	  18.9
 10    11700    1.131	    6795    1.063	  20.7
 11    11700    1.025	    6795    0.911	  22.6
 12    11700    0.815	    6795    0.776	  24.4
 13    11700    0.727	    6795    0.689	  26.2
 14    11700    0.637	    6795    0.637	  28.1
 15    11700    0.577	    6795    0.584	  29.9
 16    11700    0.553	    6795    0.543	  31.8
 17    11700    0.497	    6795    0.482	  33.7
 18    11700    0.450	    6795    0.458	  35.5
 19    11700    0.438	    6795    0.407	  37.4
 20    11700    0.404	    6795    0.382	  39.2
 21    11700    0.368	    6795    0.356	  41.1
 22    11700    0.359	    6795    0.347	  43.0
 23    11700    0.324	    6795    0.330	  44.9
 24    11700    0.293	    6795    0.322	  46.7

starting run: 2020-03-05 2020-03-05 12:23:04.032843
[192, 20, [200, 2], [100, 100, 100], 0.0]	0.000500	0.000000	5	50
  0    11700    4.598	    6795    4.083	   2.4
  1    11700    3.900	    6795    3.731	   4.2
  2    11700    3.565	    6795    3.365	   6.1
  3    11700    3.175	    6795    2.964	   7.9
  4    11700    2.786	    6795    2.516	   9.8
  5    11700    2.366	    6795    2.077	  11.7
  6    11700    1.780	    6795    1.644	  13.5
  7    11700    1.466	    6795    1.295	  15.4
  8    11700    1.118	    6795    1.000	  17.3
  9    11700    0.811	    6795    0.788	  19.1
 10    11700    0.648	    6795    0.596	  21.0
 11    11700    0.492	    6795    0.473	  22.8
 12    11700    0.374	    6795    0.386	  24.7
 13    11700    0.338	    6795    0.297	  26.6
 14    11700    0.255	    6795    0.246	  28.5
 15    11700    0.220	    6795    0.198	  30.4
 16    11700    0.174	    6795    0.176	  32.2
 17    11700    0.152	    6795    0.154	  34.1
 18    11700    0.139	    6795    0.139	  35.9
 19    11700    0.124	    6795    0.134	  37.8
 20    11700    0.124	    6795    0.121	  39.6
 21    11700    0.101	    6795    0.109	  41.5
 22    11700    0.096	    6795    0.108	  43.4
 23    11700    0.095	    6795    0.105	  45.2
 24    11700    0.091	    6795    0.097	  47.2

starting run: 2020-03-13 2020-03-13 21:18:36.592613
[192, 20, [200, 2], [100, 100, 100], 0.0]	0.000500	0.000000	5	50

starting run: 2020-03-13 2020-03-13 21:23:25.880956
[192, 20, [200, 2], [100, 100, 100], 0.0]	0.000500	0.000000	5	50

starting run: 2020-03-13 2020-03-13 21:23:56.948301
[192, 20, [200, 2], [100, 100, 100], 0.0]	0.000500	0.000000	5	50

starting run: 2020-03-13 2020-03-13 21:24:22.064518
[192, 20, [200, 2], [100, 100, 100], 0.0]	0.000500	0.000000	5	50

starting run: 2020-03-14 2020-03-14 17:00:59.040982
[192, 20, [200, 2], [100, 100, 100], 0.0]	0.000500	0.000000	5	50
