
starting run: 2020-02-18 2020-02-18 13:40:38.477650
specs = [32, 32, 3, 6, 16, 5, 120, 84, 10, 0], dropout = 0.000000 L2 = 0.000000, batch = 64
  0    49920    1.814    1.590    1.599     41.9       25.0
  1    99840    1.520    1.466    1.474     46.3       39.0

starting run: 2020-02-18 2020-02-18 14:34:43.022535

starting run: 2020-02-18 2020-02-18 14:35:38.014768
specs = [32, 32, 3, 10, 20, 3, 120, 84, 42, 10, 0], dropout = 0.100000 L2 = 0.000000, batch = 64
  0    49920    1.800    1.567    1.511     45.0       15.8
  1    99840    1.496    1.416    1.372     50.6       29.9
  2   149760    1.384    1.365    1.281     54.3       44.8

starting run: 2020-02-18 2020-02-18 14:38:09.435088
specs = [32, 32, 3, 10, 20, 3, 120, 84, 42, 10, 0], dropout = 0.100000 L2 = 0.000000, batch = 64
  0    49920    1.723    1.465    1.430     47.5       15.4
  1    99840    1.405    1.370    1.271     54.1       29.6
  2   149760    1.278    1.252    1.186     57.5       44.0
  3   199680    1.196    1.194    1.136     59.4       58.3
  4   249600    1.126    1.118    1.081     61.5       72.5

starting run: 2020-02-18 2020-02-18 14:40:45.593714
specs = [32, 32, 3, 10, 20, 3, 120, 84, 42, 10, 0], dropout = 0.000000 L2 = 0.000000, batch = 64
  0    49920    1.595    1.422    1.397     49.5       15.1
  1    99840    1.279    1.234    1.252     54.9       29.3
  2   149760    1.144    1.171    1.170     58.3       43.6
  3   199680    1.055    0.986    1.089     61.5       57.6
  4   249600    0.982    0.954    1.066     62.5       71.7
  5   299520    0.923    0.907    1.050     63.4       85.6

starting run: 2020-02-18 2020-02-18 14:45:22.806993
specs = [32, 32, 3, 6, 16, 5, 120, 84, 42, 10, 0], dropout = 0.000000 L2 = 0.000000, batch = 32
  0    49920    1.663    1.501    1.461     46.9       21.9
  1    99840    1.376    1.311    1.322     52.7       43.9
  2   149760    1.266    1.266    1.331     53.1       64.8
  3   199680    1.187    1.154    1.273     56.4       86.6
  4   249600    1.120    1.158    1.326     55.2      107.7
  5   299520    1.070    1.108    1.231     57.6      129.6

starting run: 2020-02-18 2020-02-18 14:49:01.099966
specs = [32, 32, 3, 10, 24, 5, 120, 84, 42, 10, 0], dropout = 0.000000 L2 = 0.000000, batch = 32
  0    49920    1.565    1.441    1.423     48.6       21.9
  1    99840    1.278    1.200    1.235     55.3       43.8
  2   149760    1.149    1.104    1.156     58.3       64.8
  3   199680    1.056    1.093    1.175     58.8       86.7
  4   249600    0.976    0.996    1.064     62.5      107.8
  5   299520    0.908    0.914    1.073     62.5      129.6

starting run: 2020-02-18 2020-02-18 14:58:28.051792
specs = [32, 32, 3, 6, 16, 24, 3, 120, 84, 42, 10, 0], dropout = 0.000000 L2 = 0.000000, batch = 32
  0    49920    1.705    1.518    1.504     44.5       25.0
  1    99840    1.449    1.416    1.399     49.3       48.7
  2   149760    1.350    1.271    1.342     51.3       73.4
  3   199680    1.268    1.218    1.282     53.8       97.2
  4   249600    1.209    1.162    1.219     56.2      121.9
  5   299520    1.156    1.190    1.208     57.0      145.5
  6   349440    1.117    1.110    1.193     57.5      170.3

starting run: 2020-02-18 2020-02-18 15:02:54.414104
specs = [32, 32, 3, 6, 16, 24, 3, 120, 84, 42, 10, 0], dropout = 0.300000 L2 = 0.000000, batch = 64

starting run: 2020-02-18 2020-02-18 15:03:32.074774
specs = [32, 32, 3, 10, 20, 32, 3, 120, 84, 42, 10, 0], dropout = 0.300000 L2 = 0.000000, batch = 64
  0    49920    1.899    1.717    1.618     40.3       16.4
  1    99840    1.641    1.591    1.440     46.5       31.7
  2   149760    1.540    1.450    1.359     49.6       46.9
  3   199680    1.498    1.490    1.309     52.9       62.2
  4   249600    1.451    1.485    1.271     55.1       77.5
  5   299520    1.426    1.424    1.290     53.7       92.8
  6   349440    1.399    1.389    1.241     55.2      108.0

starting run: 2020-02-18 2020-02-18 15:06:07.128899
specs = [32, 32, 3, 10, 20, 32, 3, 120, 84, 42, 10, 0], dropout = 0.000000 L2 = 0.000000, batch = 64
  0    49920    1.757    1.564    1.566     43.9       15.9
  1    99840    1.490    1.416    1.436     47.7       30.7
  2   149760    1.395    1.341    1.401     49.0       45.7
  3   199680    1.327    1.256    1.318     52.5       60.7
  4   249600    1.271    1.263    1.260     54.9       75.8
  5   299520    1.222    1.165    1.236     55.3       90.6
  6   349440    1.185    1.212    1.206     56.2      105.4
  7   399360    1.146    1.113    1.224     55.8      120.1

starting run: 2020-02-18 2020-02-18 15:09:43.599557
specs = [32, 32, 3, 10, 16, 24, 3, 120, 84, 42, 10, 0], dropout = 0.000000 L2 = 0.000000, batch = 64
  0    49920    2.074    1.861    1.858     32.9       15.7
  1    99840    1.779    1.683    1.697     37.9       31.5
  2   149760    1.650    1.572    1.609     42.1       46.2
  3   199680    1.573    1.547    1.545     44.1       60.8
  4   249600    1.525    1.522    1.505     45.1       76.0
  5   299520    1.493    1.462    1.479     46.1       90.9

starting run: 2020-02-18 2020-02-18 15:12:11.701886
specs = [32, 32, 3, 10, 16, 24, 3, 120, 84, 42, 10, 0], dropout = 0.000000 L2 = 0.000000, batch = 64
  0    49920    1.715    1.536    1.507     44.5       16.2
  1    99840    1.452    1.359    1.417     48.3       31.1
  2   149760    1.337    1.342    1.310     53.3       45.8
  3   199680    1.262    1.234    1.259     54.9       60.6
  4   249600    1.200    1.210    1.206     56.5       75.3
  5   299520    1.155    1.170    1.235     55.5       90.1

starting run: 2020-02-18 2020-02-18 15:15:55.673937
specs = [32, 32, 3, 10, 24, 24, 3, 120, 84, 42, 10, 0], dropout = 0.000000 L2 = 0.000000, batch = 64
  0    49920    1.596    1.401    1.410     49.3       15.3
  1    99840    1.321    1.271    1.299     53.2       29.4
  2   149760    1.187    1.149    1.172     58.2       43.6
  3   199680    1.075    1.049    1.126     60.4       57.8
  4   249600    0.986    0.956    1.084     61.6       71.7
  5   299520    0.912    0.926    1.069     62.4       85.8

starting run: 2020-02-18 2020-02-18 15:18:58.967218
specs = [32, 32, 3, 10, 24, 24, 3, 240, 120, 60, 10, 0], dropout = 0.000000 L2 = 0.000000, batch = 32
  0    49920    1.506    1.341    1.293     53.2       22.9
  1    99840    1.193    1.165    1.147     59.0       45.7
  2   149760    1.047    1.041    1.075     61.6       67.6
  3   199680    0.928    0.944    1.054     62.7       89.9
  4   249600    0.829    0.845    1.027     64.1      111.6
  5   299520    0.731    0.756    1.049     64.6      133.7

starting run: 2020-02-18 2020-02-18 15:24:18.465319
specs = [32, 32, 3, 12, 36, 24, 3, 360, 180, 90, 10, 0], dropout = 0.000000 L2 = 0.000000, batch = 32
  0    49920    1.469    1.226    1.249     56.4       25.4
  1    99840    1.100    1.072    1.052     63.5       48.3
  2   149760    0.896    0.874    0.988     66.0       69.9
  3   199680    0.740    0.777    0.969     67.3       92.3
  4   249600    0.593    0.656    0.981     68.0      115.6
  5   299520    0.462    0.503    1.123     67.3      137.8

starting run: 2020-02-18 2020-02-18 15:27:57.170194
specs = [32, 32, 3, 12, 24, 36, 3, 400, 200, 100, 10, 0], dropout = 0.000000 L2 = 0.000000, batch = 32

starting run: 2020-02-18 2020-02-18 15:29:35.929607
specs = [32, 32, 3, 12, 24, 36, 3, 400, 200, 100, 10, 0], dropout = 0.000000 L2 = 0.000000, batch = 32
  0    49920    1.620    1.445    1.391     49.4       28.7
  1    99840    1.323    1.267    1.281     54.4       55.0
  2   149760    1.173    1.190    1.138     59.1       80.5
  3   199680    1.071    1.025    1.094     61.1      105.9
  4   249600    0.986    0.931    1.036     63.8      129.9
  5   299520    0.916    0.821    1.056     63.0      156.0

starting run: 2020-02-18 2020-02-18 15:33:50.350948
specs = [32, 32, 3, 12, 24, 36, 3, 400, 200, 100, 10, 0], dropout = 0.000000 L2 = 0.000000, batch = 32
  0    49920    1.452    1.240    1.265     55.8       22.2
  1    99840    1.106    1.058    1.105     60.5       44.1
  2   149760    0.935    0.952    1.009     64.3       65.0
  3   199680    0.789    0.799    0.979     66.9       86.8
  4   249600    0.658    0.655    1.024     66.0      107.7
  5   299520    0.537    0.583    1.137     65.5      129.7

starting run: 2020-02-18 2020-02-18 17:01:05.047734
specs = [32, 32, 3, 12, 24, 36, 3, 400, 200, 100, 10, 0], dropout = 0.000000 L2 = 0.000000, batch = 32

starting run: 2020-02-21 2020-02-21 14:40:07.824451

starting run: 2020-02-21 2020-02-21 14:40:53.213665

starting run: 2020-02-21 2020-02-21 14:42:37.324460

starting run: 2020-02-21 2020-02-21 14:44:53.162128

starting run: 2020-02-21 2020-02-21 14:46:22.985258

starting run: 2020-02-21 2020-02-21 14:48:55.643792

starting run: 2020-02-21 2020-02-21 14:49:50.178854
specs = [32, 32, 3, 6, 16, 36, 50, 3, 400, 200, 100, 10, 0], dropout = 0.000000 L2 = 0.000000, batch = 32

starting run: 2020-02-21 2020-02-21 14:52:56.730591

starting run: 2020-02-21 2020-02-21 14:53:11.958925
specs = [32, 32, 3, 6, 16, 36, 3, 400, 200, 100, 50, 10, 0], dropout = 0.000000 L2 = 0.000000, batch = 32
  0    49920    1.681    1.496    1.499     46.2       33.3
  1    99840    1.419    1.379    1.365     51.2       61.3
  2   149760    1.300    1.325    1.327     52.8       89.2
  3   199680    1.208    1.231    1.272     54.4      117.4

starting run: 2020-02-22 2020-02-22 12:39:31.408978
specs = [32, 32, 3, 6, 16, 36, 3, 400, 200, 100, 50, 10, 0], dropout = 0.000000 L2 = 0.000000, batch = 32
  0    49920    1.669    1.506    1.403     48.7       38.5
  1    99840    1.385    1.366    1.433     48.7       65.7
  2   149760    1.270    1.188    1.265     55.4       94.3
  3   199680    1.201    1.250    1.227     56.4      121.5
  4   249600    1.150    1.177    1.231     57.3      148.4
  5   299520    1.098    1.119    1.272     57.0      175.4

starting run: 2020-02-22 2020-02-22 12:47:55.659682
specs = [32, 32, 3, 12, 36, 52, 3, 400, 200, 100, 50, 10, 0], dropout = 0.000000 L2 = 0.000000, batch = 16
  0    49952    1.653    1.451    1.417     47.9       51.7
  1    99904    1.369    1.311    1.374     52.2      100.9
  2   149856    1.387    1.516    1.629     42.2      150.0
  3   199808    1.301    1.195    1.342     54.2      200.2
  4   249760    1.202    1.221    1.170     60.0      248.7
  5   299712    1.279    1.079    1.197     58.6      299.8

starting run: 2020-02-22 2020-02-22 13:02:35.312915
specs = [32, 32, 3, 12, 24, 48, 3, 200, 100, 50, 20, 10, 0], dropout = 0.000000 L2 = 0.000000, batch = 16
  0    49952    1.664    1.513    1.397     48.9       50.9
  1    99904    1.385    1.348    1.293     54.0       99.7
  2   149856    1.278    1.259    1.291     54.8      150.0
  3   199808    1.212    1.160    1.259     56.5      198.9
  4   249760    1.158    1.208    1.193     58.4      248.9
  5   299712    1.406    1.718    1.688     36.4      298.2

starting run: 2020-02-22 2020-02-22 13:09:13.487534
specs = [32, 32, 3, 16, 32, 64, 3, 200, 100, 50, 20, 10, 0], dropout = 0.000000 L2 = 0.000000, batch = 32
  0    49920    1.589    1.356    1.361     50.7       27.5
  1    99840    1.272    1.201    1.201     57.8       55.6
  2   149760    1.127    1.179    1.212     58.3       81.8
  3   199680    1.040    1.043    1.102     61.6      109.4
  4   249600    0.977    0.978    1.054     64.2      135.5

starting run: 2020-02-22 2020-02-22 13:12:41.191961
specs = [32, 32, 3, 16, 32, 64, 3, 200, 100, 50, 20, 10, 0], dropout = 0.000000 L2 = 0.000000, batch = 32
  0    49920    1.638    1.306    1.289     53.3       27.6
  1    99840    1.219    1.257    1.178     58.6       55.0
  2   149760    1.069    1.080    1.103     60.9       81.6
  3   199680    0.965    1.004    1.026     64.2      108.6
  4   249600    0.884    0.933    1.011     65.5      135.2
  5   299520    0.813    0.769    0.999     67.0      162.3
  6   349440    0.753    0.802    0.983     66.3      188.8

starting run: 2020-02-22 2020-02-22 13:17:16.359871
specs = [32, 32, 3, 16, 32, 64, 3, 200, 100, 50, 20, 10, 0], dropout = 0.000000 L2 = 0.000000, batch = 16
  0    49952    1.557    1.344    1.310     53.1       48.5
  1    99904    1.224    1.118    1.159     58.6       96.6
  2   149856    1.077    1.037    1.116     61.3      143.6
  3   199808    0.974    0.932    1.016     64.7      191.9
  4   249760    0.886    0.901    1.008     65.0      239.0
  5   299712    0.812    0.836    0.987     65.5      286.9
  6   349664    0.753    0.754    0.965     66.2      333.9
  7   399616    0.699    0.659    0.986     67.2      382.8

starting run: 2020-02-22 2020-02-22 13:25:00.151607
specs = [32, 32, 3, 16, 32, 64, 3, 200, 100, 50, 20, 10, 0], dropout = 0.000000 L2 = 0.000000, batch = 16
  0    49952    1.822    1.585    1.569     42.9       49.1
  1    99904    1.504    1.408    1.473     46.9       99.4

starting run: 2020-02-22 2020-02-22 13:28:33.883607
specs = [32, 32, 3, 16, 32, 64, 3, 200, 100, 50, 20, 10, 0], dropout = 0.000000 L2 = 0.000000, batch = 32
  0    49920    1.658    1.412    1.330     51.1       27.2
  1    99840    1.249    1.201    1.247     55.8       54.7
  2   149760    1.107    1.048    1.109     60.7       80.8
  3   199680    1.002    0.924    1.054     63.1      108.3
  4   249600    0.918    0.948    1.101     62.0      135.1
  5   299520    0.842    0.796    1.028     65.1      162.9
  6   349440    0.781    0.797    1.025     65.1      189.4
  7   399360    0.720    0.744    0.963     67.4      216.9
  8   449280    0.678    0.689    0.982     67.4      243.1
  9   499200    0.629    0.668    1.019     66.9      270.6

starting run: 2020-02-22 2020-02-22 13:40:09.522542
specs = [32, 32, 3, 16, 32, 64, 3, 200, 100, 50, 20, 10, 0], dropout = 0.000000 L2 = 0.000000, batch = 32

starting run: 2020-02-22 2020-02-22 13:44:16.309414
specs = [32, 32, 3, 16, 32, 64, 3, 200, 100, 50, 20, 10, 0], dropout = 0.000000 L2 = 0.000000, batch = 32
  0    49920    2.178    2.014    2.002     24.3       28.9
  1    99840    1.934    1.876    1.876     30.2       55.1
  2   149760    1.840    1.780    1.800     33.4       82.8
  3   199680    1.759    1.708    1.724     36.5      109.6
  4   249600    1.700    1.674    1.645     39.4      137.1
  5   299520    1.647    1.639    1.647     39.8      163.4
  6   349440    1.592    1.569    1.551     42.7      190.8

starting run: 2020-02-22 2020-02-22 13:49:25.240103
specs = [32, 32, 3, 16, 32, 64, 3, 200, 100, 50, 20, 10, 0], dropout = 0.000000 L2 = 0.000000, batch = 32
  0    49920    1.785    1.567    1.498     45.6       20.2
  1    99840    1.424    1.298    1.333     51.8       38.9
  2   149760    1.272    1.204    1.230     56.7       57.3
  3   199680    1.170    1.124    1.163     58.6       76.1
  4   249600    1.086    1.119    1.176     58.2       94.6
  5   299520    1.017    0.903    1.077     62.6      113.4
  6   349440    0.956    0.951    1.046     63.4      131.9
  7   399360    0.905    0.942    1.010     65.1      151.0
  8   449280    0.861    0.911    1.064     63.9      169.3
  9   499200    0.816    0.807    0.984     66.4      188.1

starting run: 2020-02-22 2020-02-22 13:53:25.987896
specs = [32, 32, 3, 16, 32, 64, 3, 200, 100, 50, 20, 10, 0], dropout = 0.000000 L2 = 0.000000, batch = 64
  0    49920    1.792    1.562    1.499     45.7       15.8
  1    99840    1.432    1.329    1.348     51.7       30.0
  2   149760    1.269    1.198    1.235     56.0       43.8
  3   199680    1.165    1.210    1.146     59.0       57.9
  4   249600    1.082    1.044    1.112     60.7       71.7
  5   299520    1.008    0.981    1.104     62.2       86.2
  6   349440    0.946    0.910    1.046     64.0      100.2
  7   399360    0.895    0.899    1.008     65.2      114.3
  8   449280    0.844    0.861    0.974     66.6      128.4
  9   499200    0.800    0.772    0.953     67.4      142.5
 10   549120    0.761    0.796    0.974     66.9      156.3
 11   599040    0.724    0.702    1.014     66.1      170.3
 12   648960    0.691    0.615    1.006     66.9      184.4
 13   698880    0.664    0.735    0.972     68.0      198.3
 14   748800    0.627    0.610    1.022     67.3      212.5

starting run: 2020-02-22 2020-02-22 13:58:10.054934
specs = [32, 32, 3, 16, 32, 64, 3, 200, 100, 50, 20, 10, 0], dropout = 0.000000 L2 = 0.000000, batch = 64
  0    49920    1.950    1.724    1.659     39.5       15.4
  1    99840    1.574    1.461    1.476     46.5       29.9
  2   149760    1.392    1.381    1.303     53.3       44.0
  3   199680    1.275    1.188    1.284     53.9       58.0
  4   249600    1.191    1.200    1.213     56.8       72.0
  5   299520    1.114    1.133    1.125     60.9       86.3
  6   349440    1.052    1.073    1.130     60.5      100.3
  7   399360    1.003    1.019    1.062     62.8      114.4
  8   449280    0.949    0.989    1.059     63.5      129.0
  9   499200    0.911    0.897    1.032     64.3      143.7
 10   549120    0.867    0.869    1.047     64.7      157.8
 11   599040    0.830    0.852    1.096     62.8      171.8
 12   648960    0.794    0.811    1.097     63.3      185.7
 13   698880    0.765    0.833    1.096     63.5      199.7
 14   748800    0.732    0.760    1.062     65.1      214.1
 15   798720    0.706    0.732    1.075     65.3      228.0
 16   848640    0.679    0.741    1.095     64.6      242.2
 17   898560    0.648    0.678    1.090     65.0      256.2
 18   948480    0.627    0.624    1.130     64.9      270.6
 19   998400    0.609    0.657    1.189     63.5      285.1

starting run: 2020-02-22 2020-02-22 14:10:52.683743
specs = [32, 32, 3, 16, 32, 64, 4, 200, 100, 50, 20, 10, 0], dropout = 0.000000 L2 = 0.000000, batch = 32
  0    49920    1.695    1.448    1.459     47.8       20.3
  1    99840    1.372    1.332    1.288     54.1       39.0
  2   149760    1.233    1.160    1.196     57.8       58.0
  3   199680    1.126    1.084    1.167     58.9       77.0
  4   249600    1.042    1.055    1.088     62.0       96.1
  5   299520    0.981    0.988    1.080     62.4      114.9
  6   349440    0.927    1.003    1.049     64.0      134.0
  7   399360    0.876    0.839    1.027     65.1      152.9
  8   449280    0.833    0.800    1.003     66.1      171.9
  9   499200    0.799    0.819    0.994     66.5      190.7
 10   549120    0.762    0.780    1.022     66.4      210.1
 11   599040    0.727    0.767    1.021     66.5      229.2
 12   648960    0.701    0.755    1.003     66.9      248.2
 13   698880    0.673    0.699    1.026     66.7      267.0
 14   748800    0.647    0.660    1.022     66.8      286.0

starting run: 2020-02-22 2020-02-22 14:21:15.425435
specs = [32, 32, 3, 16, 32, 64, 4, 200, 100, 50, 20, 10, 0], dropout = 0.000000 L2 = 0.000000, batch = 32

starting run: 2020-02-22 2020-02-22 14:23:30.316631

starting run: 2020-02-22 2020-02-22 14:24:02.447749
specs = [32, 32, 3, 16, 32, 64, 4, 200, 100, 50, 20, 10, 0], dropout = 0.000000 L2 = 0.000000, batch = 32
  0    49920    1.616    1.393    1.326     52.0       27.4
  1    99840    1.259    1.184    1.208     56.5       53.9
  2   149760    1.121    1.077    1.100     60.8       80.0
  3   199680    1.026    1.069    1.101     61.2      106.8
  4   249600    0.954    0.923    1.067     62.7      133.0
  5   299520    0.897    0.905    1.085     62.6      159.9
  6   349440    0.843    0.874    1.048     64.1      186.1
  7   399360    0.797    0.852    1.042     64.6      213.4
  8   449280    0.758    0.795    1.119     63.0      239.5
  9   499200    0.716    0.777    1.062     65.0      266.6
 10   549120    0.682    0.723    1.064     65.3      292.6
 11   599040    0.654    0.647    1.111     64.5      320.0
 12   648960    0.627    0.660    1.080     65.9      346.2
 13   698880    0.592    0.599    1.195     64.3      373.3
 14   748800    0.569    0.601    1.185     63.8      399.3

starting run: 2020-02-22 2020-02-22 22:24:59.610223
specs = [32, 32, 3, 16, 32, 64, 4, 200, 100, 50, 20, 10, 0], dropout = 0.000000 L2 = 0.000000, batch = 32
  0    49920    1.555    1.343    1.339     51.6       32.9
  1    99840    1.252    1.237    1.188     57.0       55.2
  2   149760    1.112    1.145    1.149     59.4       79.1
  3   199680    1.019    1.019    1.090     61.5      101.8
  4   249600    0.949    0.942    1.045     63.6      125.7
  5   299520    0.884    0.857    1.019     64.2      148.2
  6   349440    0.840    0.835    1.015     65.5      172.4
  7   399360    0.791    0.836    1.040     64.2      195.0
  8   449280    0.743    0.727    1.037     66.4      219.2
  9   499200    0.705    0.772    1.003     66.1      241.7
 10   549120    0.667    0.755    1.031     66.8      266.3
 11   599040    0.636    0.593    1.052     66.4      289.4
 12   648960    0.600    0.648    1.066     66.5      313.3
 13   698880    0.573    0.649    1.074     66.1      335.8
 14   748800    0.544    0.579    1.152     65.9      359.6

starting run: 2020-02-23 2020-02-23 00:28:48.725106
specs = [32, 32, 3, 16, 32, 64, 4, 50, 100, 200, 400, 10, 0], dropout = 0.000000 L2 = 0.000000, batch = 32

starting run: 2020-02-23 2020-02-23 00:30:02.375298
specs = [32, 32, 3, 16, 32, 64, 4, 50, 100, 200, 400, 10, 0], dropout = 0.000000 L2 = 0.000000, batch = 32
  0    49920    1.663    1.420    1.452     46.6       30.0
  1    99840    1.361    1.271    1.290     54.0       56.9
  2   149760    1.219    1.148    1.194     58.1       84.4
  3   199680    1.117    1.115    1.181     58.5      111.2
  4   249600    1.042    1.072    1.152     60.1      138.5
  5   299520    0.979    0.925    1.112     62.4      165.6
  6   349440    0.921    0.892    1.079     62.8      193.1
  7   399360    0.871    0.826    1.106     63.5      220.5
  8   449280    0.835    0.835    1.046     64.7      248.0
  9   499200    0.796    0.821    1.074     64.5      275.2
 10   549120    0.763    0.812    1.146     63.2      302.4
 11   599040    0.726    0.763    1.129     63.6      329.3
 12   648960    0.701    0.700    1.093     65.3      356.4
 13   698880    0.668    0.700    1.105     65.3      383.7
 14   748800    0.653    0.676    1.099     65.5      411.4

starting run: 2020-03-05 2020-03-05 07:08:20.784075
specs = [32, 32, 3, 16, 32, 64, 4, 50, 100, 200, 400, 10, 0], dropout = 0.000000 L2 = 0.000000, batch = 32
  0    49920    1.614    1.359    1.403     49.1       29.0
