
starting run: 2020-02-21 2020-02-21 16:05:44.174824

starting run: 2020-02-21 2020-02-21 16:14:45.687126

starting run: 2020-02-21 2020-02-21 16:18:28.045024

starting run: 2020-02-21 2020-02-21 16:24:55.520195

starting run: 2020-02-21 2020-02-21 16:31:45.345424

starting run: 2020-02-21 2020-02-21 16:33:38.765995

starting run: 2020-02-21 2020-02-21 16:37:25.967935

starting run: 2020-02-21 2020-02-21 16:38:27.459048

starting run: 2020-02-21 2020-02-21 16:42:26.824051

starting run: 2020-02-21 2020-02-21 16:46:49.624252

starting run: 2020-02-21 2020-02-21 16:50:09.309551
  0    49920 1775.212 1746.299 1738.625     57.9
  1    99840 1727.684 1722.928 1725.563    113.6
  2   149760 1718.109 1711.718 1723.528    169.0

starting run: 2020-02-21 2020-02-21 16:53:33.247093

starting run: 2020-02-22 2020-02-22 22:09:27.991996
  0    49920 1820.490 1783.978 1781.090     56.6
  1    99840 1748.589 1749.339 1742.754    110.2
  2   149760 1732.527 1737.391 1733.895    163.4
  3   199680 1725.588 1711.401 1731.508    218.0

starting run: 2020-02-22 2020-02-22 23:14:02.483143
  0    49920 1777.081 1725.789 1737.072     43.2
  1    99840 1718.887 1711.739 1717.390     85.0
  2   149760 1709.295 1710.460 1711.855    126.6
  3   199680 1704.771 1707.857 1706.314    168.2

starting run: 2020-02-22 2020-02-22 23:23:46.266652

starting run: 2020-02-22 2020-02-22 23:35:54.083327
  0    49920 1782.623 1721.260 1713.548     29.7
  1    99840 1705.390 1700.067 1704.806     58.3
  2   149760 1699.422 1686.807 1701.349     86.8
  3   199680 1696.838 1694.886 1698.897    115.3

starting run: 2020-02-22 2020-02-22 23:49:32.867742

starting run: 2020-02-22 2020-02-22 23:52:37.096506
  0    49920 1773.168 1724.021 1727.629     43.4
  1    99840 1716.309 1702.712 1716.221     86.2
  2   149760 1709.761 1704.334 1714.798    129.0
  3   199680 1706.552 1709.979 1710.106    171.2
  4   249600 1703.353 1707.715 1705.100    213.0
  5   299520 1700.894 1703.867 1702.300    254.7
  6   349440 1698.538 1702.143 1700.376    296.5
  7   399360 1696.860 1694.765 1699.729    338.1

starting run: 2020-03-05 2020-03-05 07:06:59.346351
  0    49920 1773.035 1728.205 1733.361     44.3
